<?xml version="1.0" encoding="UTF-8"?>
<testsuite xmlns:xsi="http://www.w3.org/2001/XMLSchema-instance" xsi:noNamespaceSchemaLocation="https://maven.apache.org/surefire/maven-surefire-plugin/xsd/surefire-test-report-3.0.xsd" version="3.0" name="TestKlasse" time="0.017" tests="11" errors="0" skipped="0" failures="0">
  <properties>
[...]
</properties>
  <testcase name="abhebenInAndererWaehrung" classname="TestKlasse" time="0.001"/>
  <testcase name="waherungswechselErneut" classname="TestKlasse" time="0"/>
  <testcase name="waehrungswechel" classname="TestKlasse" time="0.001"/>
  <testcase name="entsperren" classname="TestKlasse" time="0"/>
  <testcase name="abhebenInAndererWaehrungErneut" classname="TestKlasse" time="0.001"/>
  <testcase name="aktuelleWaehrung" classname="TestKlasse" time="0.001"/>
  <testcase name="einzahlenTest" classname="TestKlasse" time="0"/>
  <testcase name="abhebenTest" classname="TestKlasse" time="0"/>
  <testcase name="einzahlenInAndererWaehrungErneut" classname="TestKlasse" time="0"/>
  <testcase name="mehrfachAbheben" classname="TestKlasse" time="0.001"/>
  <testcase name="ueberDispoAbheben" classname="TestKlasse" time="0"/>
</testsuite>