<?xml version="1.0" encoding="UTF-8"?>
<testsuite xmlns:xsi="http://www.w3.org/2001/XMLSchema-instance" xsi:noNamespaceSchemaLocation="https://maven.apache.org/surefire/maven-surefire-plugin/xsd/surefire-test-report-3.0.xsd" version="3.0" name="SparbuchTest" time="0.034" tests="18" errors="0" skipped="0" failures="0">
  <properties>
[...]
</properties>
  <testcase name="euroInWaehrungTest" classname="SparbuchTest" time="0.001"/>
  <testcase name="waehrungInEuroTest" classname="SparbuchTest" time="0"/>
  <testcase name="abhebenMehrfachUeberschrittensbTest" classname="SparbuchTest" time="0"/>
  <testcase name="einzahlenFremwaehrungEinzelsbTest" classname="SparbuchTest" time="0"/>
  <testcase name="abhebenEinzelsbTest" classname="SparbuchTest" time="0.001"/>
  <testcase name="abhebenFalscherBetragsbTest" classname="SparbuchTest" time="0.001"/>
  <testcase name="wertEinesEuroEURTest" classname="SparbuchTest" time="0"/>
  <testcase name="entsperrenTest" classname="SparbuchTest" time="0"/>
  <testcase name="wertEinesEuroKMTest" classname="SparbuchTest" time="0"/>
  <testcase name="gesperrtsbTest" classname="SparbuchTest" time="0.001"/>
  <testcase name="wertEinesEuroBGNTest" classname="SparbuchTest" time="0.003"/>
  <testcase name="wahrungsWechselMehrfachsbTest" classname="SparbuchTest" time="0.001"/>
  <testcase name="abhebenMehrfachFremdwaehrungsbTest" classname="SparbuchTest" time="0.001"/>
  <testcase name="wertEinesEuroLTLTest" classname="SparbuchTest" time="0.001"/>
  <testcase name="abhebenEinzelFremdwaehrungsbTest" classname="SparbuchTest" time="0.001"/>
  <testcase name="wahrungsWechselEinzelsbTest" classname="SparbuchTest" time="0.002"/>
  <testcase name="einzahlenFremwaehrungMehrfachsbTest" classname="SparbuchTest" time="0.001"/>
  <testcase name="abhebenMehrfachsbTest" classname="SparbuchTest" time="0"/>
</testsuite>